Performing C SOURCE FILE Test CMAKE_HAVE_LIBC_PTHREAD failed with the following output:
Change Dir: /home/mediosdigitales/Documentos/Geant4_work/tarea4/build/CMakeFiles/CMakeTmp

Run Build Command(s):/usr/bin/gmake -f Makefile cmTC_63085/fast && /usr/bin/gmake  -f CMakeFiles/cmTC_63085.dir/build.make CMakeFiles/cmTC_63085.dir/build
gmake[1]: se entra en el directorio '/home/mediosdigitales/Documentos/Geant4_work/tarea4/build/CMakeFiles/CMakeTmp'
Building C object CMakeFiles/cmTC_63085.dir/src.c.o
/home/mediosdigitales/miniconda3/envs/g4_env/bin/x86_64-conda-linux-gnu-cc -DCMAKE_HAVE_LIBC_PTHREAD  -march=nocona -mtune=haswell -ftree-vectorize -fPIC -fstack-protector-strong -fno-plt -O2 -ffunction-sections -pipe -isystem /home/mediosdigitales/miniconda3/envs/g4_env/include  -o CMakeFiles/cmTC_63085.dir/src.c.o -c /home/mediosdigitales/Documentos/Geant4_work/tarea4/build/CMakeFiles/CMakeTmp/src.c
Linking C executable cmTC_63085
/usr/bin/cmake -E cmake_link_script CMakeFiles/cmTC_63085.dir/link.txt --verbose=1
/home/mediosdigitales/miniconda3/envs/g4_env/bin/x86_64-conda-linux-gnu-cc -march=nocona -mtune=haswell -ftree-vectorize -fPIC -fstack-protector-strong -fno-plt -O2 -ffunction-sections -pipe -isystem /home/mediosdigitales/miniconda3/envs/g4_env/include  -Wl,-O2 -Wl,--sort-common -Wl,--as-needed -Wl,-z,relro -Wl,-z,now -Wl,--disable-new-dtags -Wl,--gc-sections -Wl,--allow-shlib-undefined -Wl,-rpath,/home/mediosdigitales/miniconda3/envs/g4_env/lib -Wl,-rpath-link,/home/mediosdigitales/miniconda3/envs/g4_env/lib -L/home/mediosdigitales/miniconda3/envs/g4_env/lib  CMakeFiles/cmTC_63085.dir/src.c.o -o cmTC_63085 
/home/mediosdigitales/miniconda3/envs/g4_env/bin/../lib/gcc/x86_64-conda-linux-gnu/12.3.0/../../../../x86_64-conda-linux-gnu/bin/ld: CMakeFiles/cmTC_63085.dir/src.c.o: in function `main':
src.c:(.text.startup.main+0x24): undefined reference to `pthread_create'
/home/mediosdigitales/miniconda3/envs/g4_env/bin/../lib/gcc/x86_64-conda-linux-gnu/12.3.0/../../../../x86_64-conda-linux-gnu/bin/ld: src.c:(.text.startup.main+0x2e): undefined reference to `pthread_detach'
/home/mediosdigitales/miniconda3/envs/g4_env/bin/../lib/gcc/x86_64-conda-linux-gnu/12.3.0/../../../../x86_64-conda-linux-gnu/bin/ld: src.c:(.text.startup.main+0x38): undefined reference to `pthread_cancel'
/home/mediosdigitales/miniconda3/envs/g4_env/bin/../lib/gcc/x86_64-conda-linux-gnu/12.3.0/../../../../x86_64-conda-linux-gnu/bin/ld: src.c:(.text.startup.main+0x44): undefined reference to `pthread_join'
/home/mediosdigitales/miniconda3/envs/g4_env/bin/../lib/gcc/x86_64-conda-linux-gnu/12.3.0/../../../../x86_64-conda-linux-gnu/bin/ld: src.c:(.text.startup.main+0x50): undefined reference to `pthread_atfork'
collect2: error: ld returned 1 exit status
gmake[1]: *** [CMakeFiles/cmTC_63085.dir/build.make:99: cmTC_63085] Error 1
gmake[1]: se sale del directorio '/home/mediosdigitales/Documentos/Geant4_work/tarea4/build/CMakeFiles/CMakeTmp'
gmake: *** [Makefile:127: cmTC_63085/fast] Error 2


Source file was:
#include <pthread.h>

static void* test_func(void* data)
{
  return data;
}

int main(void)
{
  pthread_t thread;
  pthread_create(&thread, NULL, test_func, NULL);
  pthread_detach(thread);
  pthread_cancel(thread);
  pthread_join(thread, NULL);
  pthread_atfork(NULL, NULL, NULL);
  pthread_exit(NULL);

  return 0;
}

